[debug] [2019-09-10T20:16:03.237Z] ----------------------------------------------------------------------
[debug] [2019-09-10T20:16:03.306Z] Command:       C:\Program Files\nodejs\node.exe C:\Users\Alex\AppData\Roaming\npm\node_modules\firebase-tools\lib\bin\firebase.js init
[debug] [2019-09-10T20:16:03.306Z] CLI Version:   7.3.1
[debug] [2019-09-10T20:16:03.307Z] Platform:      win32
[debug] [2019-09-10T20:16:03.307Z] Node Version:  v10.16.0
[debug] [2019-09-10T20:16:03.309Z] Time:          Tue Sep 10 2019 14:16:03 GMT-0600 (GMT-06:00)
[debug] [2019-09-10T20:16:03.310Z] ----------------------------------------------------------------------
[debug] 
[debug] [2019-09-10T20:16:03.386Z] > command requires scopes: ["email","openid","https://www.googleapis.com/auth/cloudplatformprojects.readonly","https://www.googleapis.com/auth/firebase","https://www.googleapis.com/auth/cloud-platform"]
[debug] [2019-09-10T20:16:03.387Z] > authorizing via signed-in user
[info] 
     ######## #### ########  ######## ########     ###     ######  ########
     ##        ##  ##     ## ##       ##     ##  ##   ##  ##       ##
     ######    ##  ########  ######   ########  #########  ######  ######
     ##        ##  ##    ##  ##       ##     ## ##     ##       ## ##
     ##       #### ##     ## ######## ########  ##     ##  ######  ########

You're about to initialize a Firebase project in this directory:

  C:\Users\Alex\Desktop\fire\public

Before we get started, keep in mind:

  * You are initializing in an existing Firebase project directory

[info] 
=== Project Setup
[info] 
[info] First, let's associate this project directory with a Firebase project.
[info] You can create multiple project aliases by running firebase use --add, 
[info] but for now we'll just set up a default project.
[info] 
[info] i  .firebaserc already has a default project, using fir-firebase-b64eb.
[debug] [2019-09-10T20:18:47.703Z] > refreshing access token with scopes: ["email","https://www.googleapis.com/auth/cloud-platform","https://www.googleapis.com/auth/cloudplatformprojects.readonly","https://www.googleapis.com/auth/firebase","openid"]
[debug] [2019-09-10T20:18:47.704Z] >>> HTTP REQUEST POST https://www.googleapis.com/oauth2/v3/token  
 <request body omitted>
[debug] [2019-09-10T20:18:50.152Z] <<< HTTP RESPONSE 200
[debug] [2019-09-10T20:18:50.303Z] >>> HTTP REQUEST GET https://firebase.googleapis.com/v1beta1/projects/fir-firebase-b64eb  
 
[debug] [2019-09-10T20:18:51.398Z] <<< HTTP RESPONSE 403
[debug] [2019-09-10T20:18:51.398Z] <<< HTTP RESPONSE BODY
[debug] [2019-09-10T20:18:51.456Z] HTTP Error: 403, The caller does not have permission
[debug] [2019-09-10T20:18:52.352Z] FirebaseError: HTTP Error: 403, The caller does not have permission
    at module.exports (C:\Users\Alex\AppData\Roaming\npm\node_modules\firebase-tools\lib\responseToError.js:38:12)
    at Request._callback (C:\Users\Alex\AppData\Roaming\npm\node_modules\firebase-tools\lib\api.js:39:35)
    at Request.self.callback (C:\Users\Alex\AppData\Roaming\npm\node_modules\firebase-tools\node_modules\request\request.js:185:22)
    at Request.emit (events.js:198:13)
    at Request.EventEmitter.emit (domain.js:448:20)
    at Request.<anonymous> (C:\Users\Alex\AppData\Roaming\npm\node_modules\firebase-tools\node_modules\request\request.js:1161:10)
    at Request.emit (events.js:198:13)
    at Request.EventEmitter.emit (domain.js:448:20)
    at IncomingMessage.<anonymous> (C:\Users\Alex\AppData\Roaming\npm\node_modules\firebase-tools\node_modules\request\request.js:1083:12)
    at Object.onceWrapper (events.js:286:20)
[error] 
[error] Error: Failed to get Firebase project fir-firebase-b64eb. Please make sure the project exists and your account has permission to access it.
[debug] [2019-09-10T20:19:32.606Z] ----------------------------------------------------------------------
[debug] [2019-09-10T20:19:32.611Z] Command:       C:\Program Files\nodejs\node.exe C:\Users\Alex\AppData\Roaming\npm\node_modules\firebase-tools\lib\bin\firebase.js init
[debug] [2019-09-10T20:19:32.611Z] CLI Version:   7.3.1
[debug] [2019-09-10T20:19:32.612Z] Platform:      win32
[debug] [2019-09-10T20:19:32.612Z] Node Version:  v10.16.0
[debug] [2019-09-10T20:19:32.615Z] Time:          Tue Sep 10 2019 14:19:32 GMT-0600 (GMT-06:00)
[debug] [2019-09-10T20:19:32.615Z] ----------------------------------------------------------------------
[debug] 
[debug] [2019-09-10T20:19:32.632Z] > command requires scopes: ["email","openid","https://www.googleapis.com/auth/cloudplatformprojects.readonly","https://www.googleapis.com/auth/firebase","https://www.googleapis.com/auth/cloud-platform"]
[debug] [2019-09-10T20:19:32.634Z] > authorizing via signed-in user
[info] 
     ######## #### ########  ######## ########     ###     ######  ########
     ##        ##  ##     ## ##       ##     ##  ##   ##  ##       ##
     ######    ##  ########  ######   ########  #########  ######  ######
     ##        ##  ##    ##  ##       ##     ## ##     ##       ## ##
     ##       #### ##     ## ######## ########  ##     ##  ######  ########

You're about to initialize a Firebase project in this directory:

  C:\Users\Alex\Desktop\fire\public

Before we get started, keep in mind:

  * You are initializing in an existing Firebase project directory

